# JRE version: OpenJDK Runtime Environment AdoptOpenJDK (11.0.8+10) (build 11.0.8+10)
# Java VM: OpenJDK 64-Bit Server VM AdoptOpenJDK (11.0.8+10, mixed mode, tiered, compressed oops, g1 gc, windows-amd64)
Heap:
 garbage-first heap   total 123904K, used 108897K [0x00000000a1600000, 0x0000000100000000)
  region size 1024K, 20 young (20480K), 2 survivors (2048K)
 Metaspace       used 29735K, capacity 30046K, committed 30208K, reserved 1077248K
  class space    used 3185K, capacity 3293K, committed 3328K, reserved 1048576K
GC Heap History (20 events):
Event: 0.644 GC heap before
{Heap before GC invocations=0 (full 0):
 garbage-first heap   total 98304K, used 24576K [0x00000000a1600000, 0x0000000100000000)
  region size 1024K, 24 young (24576K), 0 survivors (0K)
 Metaspace       used 9665K, capacity 9782K, committed 9984K, reserved 1058816K
  class space    used 893K, capacity 958K, committed 1024K, reserved 1048576K
}
Event: 0.652 GC heap after
{Heap after GC invocations=1 (full 0):
 garbage-first heap   total 98304K, used 7396K [0x00000000a1600000, 0x0000000100000000)
  region size 1024K, 3 young (3072K), 3 survivors (3072K)
 Metaspace       used 9665K, capacity 9782K, committed 9984K, reserved 1058816K
  class space    used 893K, capacity 958K, committed 1024K, reserved 1048576K
}
Event: 1.540 GC heap before
{Heap before GC invocations=1 (full 0):
 garbage-first heap   total 98304K, used 63716K [0x00000000a1600000, 0x0000000100000000)
  region size 1024K, 53 young (54272K), 3 survivors (3072K)
 Metaspace       used 16989K, capacity 17115K, committed 17280K, reserved 1064960K
  class space    used 1858K, capacity 1907K, committed 1920K, reserved 1048576K
}
Event: 1.556 GC heap after
{Heap after GC invocations=2 (full 0):
 garbage-first heap   total 98304K, used 14746K [0x00000000a1600000, 0x0000000100000000)
  region size 1024K, 7 young (7168K), 7 survivors (7168K)
 Metaspace       used 16989K, capacity 17115K, committed 17280K, reserved 1064960K
  class space    used 1858K, capacity 1907K, committed 1920K, reserved 1048576K
}
Event: 2.054 GC heap before
{Heap before GC invocations=2 (full 0):
 garbage-first heap   total 98304K, used 43418K [0x00000000a1600000, 0x0000000100000000)
  region size 1024K, 36 young (36864K), 7 survivors (7168K)
 Metaspace       used 20965K, capacity 21124K, committed 21248K, reserved 1069056K
  class space    used 2407K, capacity 2465K, committed 2560K, reserved 1048576K
}
Event: 2.071 GC heap after
{Heap after GC invocations=3 (full 0):
 garbage-first heap   total 98304K, used 18731K [0x00000000a1600000, 0x0000000100000000)
  region size 1024K, 4 young (4096K), 4 survivors (4096K)
 Metaspace       used 20965K, capacity 21124K, committed 21248K, reserved 1069056K
  class space    used 2407K, capacity 2465K, committed 2560K, reserved 1048576K
}
Event: 3.144 GC heap before
{Heap before GC invocations=4 (full 0):
 garbage-first heap   total 98304K, used 54571K [0x00000000a1600000, 0x0000000100000000)
  region size 1024K, 39 young (39936K), 4 survivors (4096K)
 Metaspace       used 25014K, capacity 25256K, committed 25472K, reserved 1071104K
  class space    used 2853K, capacity 2934K, committed 2944K, reserved 1048576K
}
Event: 3.165 GC heap after
{Heap after GC invocations=5 (full 0):
 garbage-first heap   total 98304K, used 22792K [0x00000000a1600000, 0x0000000100000000)
  region size 1024K, 4 young (4096K), 4 survivors (4096K)
 Metaspace       used 25014K, capacity 25256K, committed 25472K, reserved 1071104K
  class space    used 2853K, capacity 2934K, committed 2944K, reserved 1048576K
}
Event: 3.661 GC heap before
{Heap before GC invocations=5 (full 0):
 garbage-first heap   total 98304K, used 60680K [0x00000000a1600000, 0x0000000100000000)
  region size 1024K, 41 young (41984K), 4 survivors (4096K)
 Metaspace       used 25692K, capacity 25970K, committed 26112K, reserved 1073152K
  class space    used 2890K, capacity 2974K, committed 3072K, reserved 1048576K
}
Event: 3.671 GC heap after
{Heap after GC invocations=6 (full 0):
 garbage-first heap   total 123904K, used 23564K [0x00000000a1600000, 0x0000000100000000)
  region size 1024K, 1 young (1024K), 1 survivors (1024K)
 Metaspace       used 25692K, capacity 25970K, committed 26112K, reserved 1073152K
  class space    used 2890K, capacity 2974K, committed 3072K, reserved 1048576K
}
Event: 4.166 GC heap before
{Heap before GC invocations=6 (full 0):
 garbage-first heap   total 123904K, used 74764K [0x00000000a1600000, 0x0000000100000000)
  region size 1024K, 51 young (52224K), 1 survivors (1024K)
 Metaspace       used 25945K, capacity 26215K, committed 26368K, reserved 1073152K
  class space    used 2899K, capacity 2986K, committed 3072K, reserved 1048576K
}
Event: 4.169 GC heap after
{Heap after GC invocations=7 (full 0):
 garbage-first heap   total 123904K, used 23893K [0x00000000a1600000, 0x0000000100000000)
  region size 1024K, 1 young (1024K), 1 survivors (1024K)
 Metaspace       used 25945K, capacity 26215K, committed 26368K, reserved 1073152K
  class space    used 2899K, capacity 2986K, committed 3072K, reserved 1048576K
}
Event: 5.633 GC heap before
{Heap before GC invocations=7 (full 0):
 garbage-first heap   total 123904K, used 77141K [0x00000000a1600000, 0x0000000100000000)
  region size 1024K, 54 young (55296K), 1 survivors (1024K)
 Metaspace       used 28894K, capacity 29194K, committed 29440K, reserved 1075200K
  class space    used 3127K, capacity 3222K, committed 3328K, reserved 1048576K
}
Event: 5.636 GC heap after
{Heap after GC invocations=8 (full 0):
 garbage-first heap   total 123904K, used 24543K [0x00000000a1600000, 0x0000000100000000)
  region size 1024K, 2 young (2048K), 2 survivors (2048K)
 Metaspace       used 28894K, capacity 29194K, committed 29440K, reserved 1075200K
  class space    used 3127K, capacity 3222K, committed 3328K, reserved 1048576K
}
Event: 6.181 GC heap before
{Heap before GC invocations=8 (full 0):
 garbage-first heap   total 123904K, used 47071K [0x00000000a1600000, 0x0000000100000000)
  region size 1024K, 6 young (6144K), 2 survivors (2048K)
 Metaspace       used 29639K, capacity 29979K, committed 30208K, reserved 1077248K
  class space    used 3177K, capacity 3292K, committed 3328K, reserved 1048576K
}
Event: 6.184 GC heap after
{Heap after GC invocations=9 (full 0):
 garbage-first heap   total 123904K, used 34081K [0x00000000a1600000, 0x0000000100000000)
  region size 1024K, 2 young (2048K), 2 survivors (2048K)
 Metaspace       used 29639K, capacity 29979K, committed 30208K, reserved 1077248K
  class space    used 3177K, capacity 3292K, committed 3328K, reserved 1048576K
}
Event: 6.469 GC heap before
{Heap before GC invocations=10 (full 0):
 garbage-first heap   total 123904K, used 51489K [0x00000000a1600000, 0x0000000100000000)
  region size 1024K, 2 young (2048K), 2 survivors (2048K)
 Metaspace       used 29639K, capacity 29979K, committed 30208K, reserved 1077248K
  class space    used 3177K, capacity 3292K, committed 3328K, reserved 1048576K
}
Event: 6.472 GC heap after
{Heap after GC invocations=11 (full 0):
 garbage-first heap   total 123904K, used 42319K [0x00000000a1600000, 0x0000000100000000)
  region size 1024K, 2 young (2048K), 2 survivors (2048K)
 Metaspace       used 29639K, capacity 29979K, committed 30208K, reserved 1077248K
  class space    used 3177K, capacity 3292K, committed 3328K, reserved 1048576K
}
Event: 6.994 GC heap before
{Heap before GC invocations=12 (full 0):
 garbage-first heap   total 123904K, used 76111K [0x00000000a1600000, 0x0000000100000000)
  region size 1024K, 3 young (3072K), 2 survivors (2048K)
 Metaspace       used 29640K, capacity 29979K, committed 30208K, reserved 1077248K
  class space    used 3177K, capacity 3292K, committed 3328K, reserved 1048576K
}
Event: 6.997 GC heap after
{Heap after GC invocations=13 (full 0):
 garbage-first heap   total 123904K, used 58721K [0x00000000a1600000, 0x0000000100000000)
  region size 1024K, 2 young (2048K), 2 survivors (2048K)
 Metaspace       used 29640K, capacity 29979K, committed 30208K, reserved 1077248K
  class space    used 3177K, capacity 3292K, committed 3328K, reserved 1048576K
}

